npm verb cli /Users/gleuterpereira/.nvm/versions/node/v18.17.0/bin/node /Users/gleuterpereira/.nvm/versions/node/v18.17.0/bin/npm
npm info using npm@9.6.7
npm info using node@v18.17.0
npm verb title npm install
npm verb argv "install" "--legacy-peer-deps" "--loglevel" "verbose"
npm verb logfile logs-max:10 dir:/Users/gleuterpereira/.npm/_logs/2024-08-15T18_41_13_380Z-
npm verb logfile /Users/gleuterpereira/.npm/_logs/2024-08-15T18_41_13_380Z-debug-0.log
npm http fetch GET 200 https://registry.npmjs.org/@faker-js%2ffaker 315ms (cache revalidated)
npm http fetch GET 200 https://registry.npmjs.org/cypress-mochawesome-reporter 648ms (cache revalidated)
npm http fetch GET 200 https://registry.npmjs.org/cypress-real-events 80ms (cache revalidated)
npm http fetch GET 200 https://registry.npmjs.org/browserstack-cypress-cli 645ms (cache revalidated)
npm http fetch GET 200 https://registry.npmjs.org/cypress 58ms (cache revalidated)
npm http fetch GET 200 https://registry.npmjs.org/tmp 207ms (cache revalidated)
npm http fetch GET 200 https://registry.npmjs.org/fs-extra 220ms (cache revalidated)
npm http fetch GET 200 https://registry.npmjs.org/glob 220ms (cache revalidated)
npm http fetch GET 200 https://registry.npmjs.org/yargs 218ms (cache revalidated)
npm http fetch GET 200 https://registry.npmjs.org/mkdirp 224ms (cache revalidated)
npm http fetch GET 200 https://registry.npmjs.org/table 224ms (cache revalidated)
npm http fetch GET 200 https://registry.npmjs.org/cli-progress 231ms (cache revalidated)
npm http fetch GET 200 https://registry.npmjs.org/chalk 232ms (cache revalidated)
npm http fetch GET 200 https://registry.npmjs.org/browserstack-local 238ms (cache revalidated)
npm http fetch GET 200 https://registry.npmjs.org/gitconfiglocal 236ms (cache revalidated)
npm http fetch GET 200 https://registry.npmjs.org/winston 233ms (cache revalidated)
npm http fetch GET 200 https://registry.npmjs.org/mocha 247ms (cache revalidated)
npm http fetch GET 200 https://registry.npmjs.org/update-notifier 259ms (cache revalidated)
npm http fetch GET 200 https://registry.npmjs.org/chalk 277ms (cache revalidated)
npm http fetch GET 200 https://registry.npmjs.org/arch 283ms (cache revalidated)
npm http fetch GET 200 https://registry.npmjs.org/async 292ms (cache revalidated)
npm http fetch GET 200 https://registry.npmjs.org/dayjs 284ms (cache revalidated)
npm http fetch GET 200 https://registry.npmjs.org/uuid 298ms (cache revalidated)
npm http fetch GET 200 https://registry.npmjs.org/ospath 302ms (cache revalidated)
npm http fetch GET 200 https://registry.npmjs.org/buffer 302ms (cache revalidated)
npm http fetch GET 200 https://registry.npmjs.org/decompress 308ms (cache revalidated)
npm http fetch GET 200 https://registry.npmjs.org/requestretry 321ms (cache revalidated)
npm http fetch GET 200 https://registry.npmjs.org/debug 317ms (cache revalidated)
npm http fetch GET 200 https://registry.npmjs.org/yauzl 318ms (cache revalidated)
npm http fetch GET 200 https://registry.npmjs.org/request 330ms (cache revalidated)
npm http fetch GET 200 https://registry.npmjs.org/fs-extra 324ms (cache revalidated)
npm http fetch GET 200 https://registry.npmjs.org/figures 342ms (cache revalidated)
npm http fetch GET 200 https://registry.npmjs.org/lodash 351ms (cache revalidated)
npm http fetch GET 200 https://registry.npmjs.org/bluebird 349ms (cache revalidated)
npm http fetch GET 200 https://registry.npmjs.org/process 355ms (cache revalidated)
npm http fetch GET 200 https://registry.npmjs.org/cli-cursor 374ms (cache revalidated)
npm http fetch GET 200 https://registry.npmjs.org/windows-release 385ms (cache revalidated)
npm http fetch GET 200 https://registry.npmjs.org/is-ci 382ms (cache revalidated)
npm http fetch GET 200 https://registry.npmjs.org/semver 396ms (cache revalidated)
npm http fetch GET 200 https://registry.npmjs.org/node-ipc 408ms (cache revalidated)
npm http fetch GET 200 https://registry.npmjs.org/commander 398ms (cache revalidated)
npm http fetch GET 200 https://registry.npmjs.org/cli-table3 399ms (cache revalidated)
npm http fetch GET 200 https://registry.npmjs.org/lazy-ass 403ms (cache revalidated)
npm http fetch GET 200 https://registry.npmjs.org/archiver 422ms (cache revalidated)
npm http fetch GET 200 https://registry.npmjs.org/cachedir 419ms (cache revalidated)
npm http fetch GET 200 https://registry.npmjs.org/executable 428ms (cache revalidated)
npm http fetch GET 200 https://registry.npmjs.org/getos 438ms (cache revalidated)
npm http fetch GET 200 https://registry.npmjs.org/log-symbols 439ms (cache revalidated)
npm http fetch GET 200 https://registry.npmjs.org/eventemitter2 458ms (cache revalidated)
npm http fetch GET 200 https://registry.npmjs.org/is-installed-globally 457ms (cache revalidated)
npm http fetch GET 200 https://registry.npmjs.org/supports-color 459ms (cache revalidated)
npm http fetch GET 200 https://registry.npmjs.org/proxy-from-env 459ms (cache revalidated)
npm http fetch GET 200 https://registry.npmjs.org/untildify 465ms (cache revalidated)
npm http fetch GET 200 https://registry.npmjs.org/extract-zip 463ms (cache revalidated)
npm http fetch GET 200 https://registry.npmjs.org/@types%2fsizzle 465ms (cache revalidated)
npm http fetch GET 200 https://registry.npmjs.org/commander 468ms (cache revalidated)
npm http fetch GET 200 https://registry.npmjs.org/request-progress 498ms (cache revalidated)
npm http fetch GET 200 https://registry.npmjs.org/blob-util 506ms (cache revalidated)
npm http fetch GET 200 https://registry.npmjs.org/@cypress%2frequest 501ms (cache revalidated)
npm http fetch GET 200 https://registry.npmjs.org/mochawesome 511ms (cache revalidated)
npm http fetch GET 200 https://registry.npmjs.org/common-tags 518ms (cache revalidated)
npm http fetch GET 200 https://registry.npmjs.org/fs-extra 529ms (cache revalidated)
npm http fetch GET 200 https://registry.npmjs.org/execa 545ms (cache revalidated)
npm http fetch GET 200 https://registry.npmjs.org/pretty-bytes 541ms (cache revalidated)
npm http fetch GET 200 https://registry.npmjs.org/minimist 546ms (cache revalidated)
npm http fetch GET 200 https://registry.npmjs.org/check-more-types 539ms (cache revalidated)
npm http fetch GET 200 https://registry.npmjs.org/listr2 552ms (cache revalidated)
npm http fetch GET 200 https://registry.npmjs.org/enquirer 553ms (cache revalidated)
npm http fetch GET 200 https://registry.npmjs.org/mochawesome-merge 559ms (cache revalidated)
npm http fetch GET 200 https://registry.npmjs.org/mochawesome-report-generator 593ms (cache revalidated)
npm http fetch GET 200 https://registry.npmjs.org/@types%2fsinonjs__fake-timers 596ms (cache revalidated)
npm http fetch GET 200 https://registry.npmjs.org/@cypress%2fxvfb 608ms (cache revalidated)
npm http fetch GET 200 https://registry.npmjs.org/git-last-commit 707ms (cache revalidated)
npm http fetch GET 200 https://registry.npmjs.org/getmac 837ms (cache revalidated)
npm http fetch GET 200 https://registry.npmjs.org/git-repo-info 956ms (cache revalidated)
npm http fetch GET 200 https://registry.npmjs.org/readable-stream 161ms (cache revalidated)
npm http fetch GET 200 https://registry.npmjs.org/https-proxy-agent 162ms (cache revalidated)
npm http fetch GET 200 https://registry.npmjs.org/pify 158ms (cache revalidated)
npm http fetch GET 200 https://registry.npmjs.org/ps-tree 163ms (cache revalidated)
npm http fetch GET 200 https://registry.npmjs.org/string-width 161ms (cache revalidated)
npm http fetch GET 200 https://registry.npmjs.org/decompress-targz 163ms (cache revalidated)
npm http fetch GET 200 https://registry.npmjs.org/tar-stream 171ms (cache revalidated)
npm http fetch GET 200 https://registry.npmjs.org/archiver-utils 178ms (cache revalidated)
npm http fetch GET 200 https://registry.npmjs.org/agent-base 173ms (cache revalidated)
npm http fetch GET 200 https://registry.npmjs.org/decompress-tarbz2 174ms (cache revalidated)
npm http fetch GET 200 https://registry.npmjs.org/once 184ms (cache revalidated)
npm http fetch GET 200 https://registry.npmjs.org/graceful-fs 189ms (cache revalidated)
npm http fetch GET 200 https://registry.npmjs.org/ansi-styles 193ms (cache revalidated)
npm http fetch GET 200 https://registry.npmjs.org/make-dir 190ms (cache revalidated)
npm http fetch GET 200 https://registry.npmjs.org/jsonfile 227ms (cache revalidated)
npm http fetch GET 200 https://registry.npmjs.org/decompress-tar 230ms (cache revalidated)
npm http fetch GET 200 https://registry.npmjs.org/inherits 237ms (cache revalidated)
npm http fetch GET 200 https://registry.npmjs.org/ini 239ms (cache revalidated)
npm http fetch GET 200 https://registry.npmjs.org/@types%2fnode 243ms (cache revalidated)
npm http fetch GET 200 https://registry.npmjs.org/decompress-unzip 260ms (cache revalidated)
npm http fetch GET 200 https://registry.npmjs.org/strip-dirs 263ms (cache revalidated)
npm http fetch GET 200 https://registry.npmjs.org/fs.realpath 263ms (cache revalidated)
npm http fetch GET 200 https://registry.npmjs.org/ansi-colors 261ms (cache revalidated)
npm http fetch GET 200 https://registry.npmjs.org/inflight 265ms (cache revalidated)
npm http fetch GET 200 https://registry.npmjs.org/escape-string-regexp 261ms (cache revalidated)
npm http fetch GET 200 https://registry.npmjs.org/chokidar 261ms (cache revalidated)
npm http fetch GET 200 https://registry.npmjs.org/diff 262ms (cache revalidated)
npm http fetch GET 200 https://registry.npmjs.org/universalify 295ms (cache revalidated)
npm http fetch GET 200 https://registry.npmjs.org/ms 290ms (cache revalidated)
npm http fetch GET 200 https://registry.npmjs.org/path-is-absolute 316ms (cache revalidated)
npm http fetch GET 200 https://registry.npmjs.org/js-queue 307ms (cache revalidated)
npm http fetch GET 200 https://registry.npmjs.org/js-message 308ms (cache revalidated)
npm http fetch GET 200 https://registry.npmjs.org/graceful-fs 321ms (cache revalidated)
npm http fetch GET 200 https://registry.npmjs.org/serialize-javascript 310ms (cache revalidated)
npm http fetch GET 200 https://registry.npmjs.org/js-yaml 314ms (cache revalidated)
npm http fetch GET 200 https://registry.npmjs.org/yargs-unparser 325ms (cache revalidated)
npm http fetch GET 200 https://registry.npmjs.org/find-up 336ms (cache revalidated)
npm http fetch GET 200 https://registry.npmjs.org/workerpool 338ms (cache revalidated)
npm http fetch GET 200 https://registry.npmjs.org/strip-json-comments 343ms (cache revalidated)
npm http fetch GET 200 https://registry.npmjs.org/caseless 349ms (cache revalidated)
npm http fetch GET 200 https://registry.npmjs.org/zip-stream 373ms (cache revalidated)
npm http fetch GET 200 https://registry.npmjs.org/yargs-parser 359ms (cache revalidated)
npm http fetch GET 200 https://registry.npmjs.org/event-pubsub 365ms (cache revalidated)
npm http fetch GET 200 https://registry.npmjs.org/aws-sign2 378ms (cache revalidated)
npm http fetch GET 200 https://registry.npmjs.org/mime-types 378ms (cache revalidated)
npm http fetch GET 200 https://registry.npmjs.org/browser-stdout 390ms (cache revalidated)
npm http fetch GET 200 https://registry.npmjs.org/tough-cookie 384ms (cache revalidated)
npm http fetch GET 200 https://registry.npmjs.org/form-data 387ms (cache revalidated)
npm http fetch GET 200 https://registry.npmjs.org/isstream 399ms (cache revalidated)
npm http fetch GET 200 https://registry.npmjs.org/minimatch 412ms (cache revalidated)
npm http fetch GET 200 https://registry.npmjs.org/he 411ms (cache revalidated)
npm http fetch GET 200 https://registry.npmjs.org/aws4 419ms (cache revalidated)
npm http fetch GET 200 https://registry.npmjs.org/minimatch 431ms (cache revalidated)
npm http fetch GET 200 https://registry.npmjs.org/forever-agent 425ms (cache revalidated)
npm http fetch GET 200 https://registry.npmjs.org/tunnel-agent 426ms (cache revalidated)
npm http fetch GET 200 https://registry.npmjs.org/extend 429ms (cache revalidated)
npm http fetch GET 200 https://registry.npmjs.org/readdir-glob 460ms (cache revalidated)
npm http fetch GET 200 https://registry.npmjs.org/extend 441ms (cache revalidated)
npm http fetch GET 200 https://registry.npmjs.org/safe-buffer 440ms (cache revalidated)
npm http fetch GET 200 https://registry.npmjs.org/http-signature 457ms (cache revalidated)
npm http fetch GET 200 https://registry.npmjs.org/string-width 468ms (cache revalidated)
npm http fetch GET 200 https://registry.npmjs.org/is-typedarray 474ms (cache revalidated)
npm http fetch GET 200 https://registry.npmjs.org/qs 479ms (cache revalidated)
npm http fetch GET 200 https://registry.npmjs.org/boxen 469ms (cache revalidated)
npm http fetch GET 200 https://registry.npmjs.org/performance-now 475ms (cache revalidated)
npm http fetch GET 200 https://registry.npmjs.org/slice-ansi 473ms (cache revalidated)
npm http fetch GET 200 https://registry.npmjs.org/ajv 476ms (cache revalidated)
npm http fetch GET 200 https://registry.npmjs.org/import-lazy 489ms (cache revalidated)
npm http fetch GET 200 https://registry.npmjs.org/cycle 491ms (cache revalidated)
npm http fetch GET 200 https://registry.npmjs.org/har-validator 519ms (cache revalidated)
npm http fetch GET 200 https://registry.npmjs.org/cliui 522ms (cache revalidated)
npm http fetch GET 200 https://registry.npmjs.org/isstream 541ms (cache revalidated)
npm http fetch GET 200 https://registry.npmjs.org/xdg-basedir 544ms (cache revalidated)
npm http fetch GET 200 https://registry.npmjs.org/pupa 546ms (cache revalidated)
npm http fetch GET 200 https://registry.npmjs.org/oauth-sign 554ms (cache revalidated)
npm http fetch GET 200 https://registry.npmjs.org/colors 542ms (cache revalidated)
npm http fetch GET 200 https://registry.npmjs.org/find-up 546ms (cache revalidated)
npm http fetch GET 200 https://registry.npmjs.org/y18n 547ms (cache revalidated)
npm http fetch GET 200 https://registry.npmjs.org/yargs-parser 598ms (cache revalidated)
npm http fetch GET 200 https://registry.npmjs.org/set-blocking 600ms (cache revalidated)
npm http fetch GET 200 https://registry.npmjs.org/json-stringify-safe 625ms (cache revalidated)
npm http fetch GET 200 https://registry.npmjs.org/get-caller-file 614ms (cache revalidated)
npm http fetch GET 200 https://registry.npmjs.org/buffer-crc32 656ms (cache revalidated)
npm http fetch GET 200 https://registry.npmjs.org/semver-diff 620ms (cache revalidated)
npm http fetch GET 200 https://registry.npmjs.org/stack-trace 618ms (cache revalidated)
npm http fetch GET 200 https://registry.npmjs.org/latest-version 620ms (cache revalidated)
npm http fetch GET 200 https://registry.npmjs.org/decamelize 620ms (cache revalidated)
npm http fetch GET 200 https://registry.npmjs.org/require-directory 672ms (cache revalidated)
npm http fetch GET 200 https://registry.npmjs.org/which-module 688ms (cache revalidated)
npm http fetch GET 200 https://registry.npmjs.org/require-main-filename 688ms (cache revalidated)
npm http fetch GET 200 https://registry.npmjs.org/combined-stream 701ms (cache revalidated)
npm http fetch GET 200 https://registry.npmjs.org/temp-fs 850ms (cache revalidated)
npm http fetch GET 200 https://registry.npmjs.org/is-running 902ms (cache revalidated)
npm http fetch GET 200 https://registry.npmjs.org/configstore 1061ms (cache revalidated)
npm http fetch GET 200 https://registry.npmjs.org/is-npm 1094ms (cache revalidated)
npm http fetch GET 200 https://registry.npmjs.org/is-in-ci 1149ms (cache revalidated)
npm http fetch GET 200 https://registry.npmjs.org/eyes 1148ms (cache revalidated)
npm http fetch GET 200 https://registry.npmjs.org/normalize-path 104ms (cache revalidated)
npm http fetch GET 200 https://registry.npmjs.org/lazystream 109ms (cache revalidated)
npm http fetch GET 200 https://registry.npmjs.org/bl 99ms (cache revalidated)
npm http fetch GET 200 https://registry.npmjs.org/string_decoder 111ms (cache revalidated)
npm http fetch GET 200 https://registry.npmjs.org/lodash.difference 117ms (cache revalidated)
npm http fetch GET 200 https://registry.npmjs.org/util-deprecate 119ms (cache revalidated)
npm http fetch GET 200 https://registry.npmjs.org/fs-constants 115ms (cache revalidated)
npm http fetch GET 200 https://registry.npmjs.org/lodash.union 125ms (cache revalidated)
npm http fetch GET 200 https://registry.npmjs.org/lodash.flatten 128ms (cache revalidated)
npm http fetch GET 200 https://registry.npmjs.org/end-of-stream 123ms (cache revalidated)
npm http fetch GET 200 https://registry.npmjs.org/compress-commons 121ms (cache revalidated)
npm http fetch GET 200 https://registry.npmjs.org/lodash.isplainobject 146ms (cache revalidated)
npm http fetch GET 200 https://registry.npmjs.org/lodash.defaults 692ms (cache revalidated)
npm http fetch GET 200 https://registry.npmjs.org/process-nextick-args 79ms (cache revalidated)
npm http fetch GET 200 https://registry.npmjs.org/isarray 84ms (cache revalidated)
npm http fetch GET 200 https://registry.npmjs.org/core-util-is 90ms (cache revalidated)
npm http fetch GET 200 https://registry.npmjs.org/rimraf 92ms (cache revalidated)
npm http fetch GET 200 https://registry.npmjs.org/event-stream 103ms (cache revalidated)
npm http fetch GET 200 https://registry.npmjs.org/color-convert 81ms (cache revalidated)
npm http fetch GET 200 https://registry.npmjs.org/has-flag 96ms (cache revalidated)
npm http fetch GET 200 https://registry.npmjs.org/color-name 97ms (cache revalidated)
npm http fetch GET 200 https://registry.npmjs.org/emoji-regex 69ms (cache revalidated)
npm http fetch GET 200 https://registry.npmjs.org/is-fullwidth-code-point 78ms (cache revalidated)
npm http fetch GET 200 https://registry.npmjs.org/strip-ansi 84ms (cache revalidated)
npm http fetch GET 200 https://registry.npmjs.org/merge-stream 124ms (cache revalidated)
npm http fetch GET 200 https://registry.npmjs.org/wrap-ansi 111ms (cache revalidated)
npm http fetch GET 200 https://registry.npmjs.org/at-least-node 127ms (cache revalidated)
npm http fetch GET 200 https://registry.npmjs.org/get-stream 135ms (cache revalidated)
npm http fetch GET 200 https://registry.npmjs.org/ieee754 143ms (cache revalidated)
npm http fetch GET 200 https://registry.npmjs.org/human-signals 132ms (cache revalidated)
npm http fetch GET 200 https://registry.npmjs.org/strip-final-newline 132ms (cache revalidated)
npm http fetch GET 200 https://registry.npmjs.org/onetime 140ms (cache revalidated)
npm http fetch GET 200 https://registry.npmjs.org/global-dirs 131ms (cache revalidated)
npm http fetch GET 200 https://registry.npmjs.org/is-path-inside 131ms (cache revalidated)
npm http fetch GET 200 https://registry.npmjs.org/cross-spawn 149ms (cache revalidated)
npm http fetch GET 200 https://registry.npmjs.org/base64-js 163ms (cache revalidated)
npm http fetch GET 200 https://registry.npmjs.org/get-stream 150ms (cache revalidated)
npm http fetch GET 200 https://registry.npmjs.org/@colors%2fcolors 161ms (cache revalidated)
npm http fetch GET 200 https://registry.npmjs.org/rxjs 144ms (cache revalidated)
npm http fetch GET 200 https://registry.npmjs.org/through 167ms (cache revalidated)
npm http fetch GET 200 https://registry.npmjs.org/signal-exit 181ms (cache revalidated)
npm http fetch GET 200 https://registry.npmjs.org/cli-truncate 176ms (cache revalidated)
npm http fetch GET 200 https://registry.npmjs.org/npm-run-path 191ms (cache revalidated)
npm http fetch GET 200 https://registry.npmjs.org/is-stream 209ms (cache revalidated)
npm http fetch GET 200 https://registry.npmjs.org/lodash.once 220ms (cache revalidated)
npm http fetch GET 200 https://registry.npmjs.org/colorette 196ms (cache revalidated)
npm http fetch GET 200 https://registry.npmjs.org/ci-info 202ms (cache revalidated)
npm http fetch GET 200 https://registry.npmjs.org/rfdc 200ms (cache revalidated)
npm http fetch GET 200 https://registry.npmjs.org/p-map 204ms (cache revalidated)
npm http fetch GET 200 https://registry.npmjs.org/throttleit 208ms (cache revalidated)
npm http fetch GET 200 https://registry.npmjs.org/is-unicode-supported 212ms (cache revalidated)
npm http fetch GET 200 https://registry.npmjs.org/fd-slicer 208ms (cache revalidated)
npm http fetch GET 200 https://registry.npmjs.org/log-update 214ms (cache revalidated)
npm http fetch GET 200 https://registry.npmjs.org/restore-cursor 241ms (cache revalidated)
npm http fetch GET 200 https://registry.npmjs.org/@types%2fyauzl 248ms (cache revalidated)
npm http fetch GET 200 https://registry.npmjs.org/delayed-stream 124ms (cache revalidated)
npm http fetch GET 200 https://registry.npmjs.org/sshpk 118ms (cache revalidated)
npm http fetch GET 200 https://registry.npmjs.org/psl 109ms (cache revalidated)
npm http fetch GET 200 https://registry.npmjs.org/side-channel 113ms (cache revalidated)
npm http fetch GET 200 https://registry.npmjs.org/asynckit 124ms (cache revalidated)
npm http fetch GET 200 https://registry.npmjs.org/punycode 114ms (cache revalidated)
npm http fetch GET 200 https://registry.npmjs.org/assert-plus 127ms (cache revalidated)
npm http fetch GET 200 https://registry.npmjs.org/mime-db 121ms (cache revalidated)
npm http fetch GET 200 https://registry.npmjs.org/jsprim 129ms (cache revalidated)
npm http fetch GET 200 https://registry.npmjs.org/url-parse 121ms (cache revalidated)
npm http fetch GET 200 https://registry.npmjs.org/tcomb 90ms (cache revalidated)
npm http fetch GET 200 https://registry.npmjs.org/lodash.isempty 136ms (cache revalidated)
npm http fetch GET 200 https://registry.npmjs.org/prop-types 124ms (cache revalidated)
npm http fetch GET 200 https://registry.npmjs.org/lodash.isstring 140ms (cache revalidated)
npm http fetch GET 200 https://registry.npmjs.org/tcomb-validation 98ms (cache revalidated)
npm http fetch GET 200 https://registry.npmjs.org/validator 98ms (cache revalidated)
npm http fetch GET 200 https://registry.npmjs.org/lodash.isobject 147ms (cache revalidated)
npm http fetch GET 200 https://registry.npmjs.org/escape-html 141ms (cache revalidated)
npm http fetch GET 200 https://registry.npmjs.org/lodash.isfunction 153ms (cache revalidated)
npm http fetch GET 200 https://registry.npmjs.org/dateformat 151ms (cache revalidated)
npm http fetch GET 200 https://registry.npmjs.org/fsu 148ms (cache revalidated)
npm http fetch GET 200 https://registry.npmjs.org/opener 798ms (cache revalidated)
npm http fetch GET 200 https://registry.npmjs.org/is-natural-number 69ms (cache revalidated)
npm http fetch GET 200 https://registry.npmjs.org/file-type 79ms (cache revalidated)
npm http fetch GET 200 https://registry.npmjs.org/unbzip2-stream 78ms (cache revalidated)
npm http fetch GET 200 https://registry.npmjs.org/file-type 82ms (cache revalidated)
npm http fetch GET 200 https://registry.npmjs.org/seek-bzip 83ms (cache revalidated)
npm http fetch GET 200 https://registry.npmjs.org/file-type 91ms (cache revalidated)
npm http fetch GET 200 https://registry.npmjs.org/to-buffer 69ms (cache revalidated)
npm http fetch GET 200 https://registry.npmjs.org/xtend 68ms (cache revalidated)
npm http fetch GET 200 https://registry.npmjs.org/buffer-alloc 90ms (cache revalidated)
npm http fetch GET 200 https://registry.npmjs.org/object-assign 73ms (cache revalidated)
npm http fetch GET 200 https://registry.npmjs.org/pinkie-promise 72ms (cache revalidated)
npm http fetch GET 200 https://registry.npmjs.org/ansi-regex 120ms (cache revalidated)
npm http fetch GET 200 https://registry.npmjs.org/shebang-command 71ms (cache revalidated)
npm http fetch GET 200 https://registry.npmjs.org/which 82ms (cache revalidated)
npm http fetch GET 200 https://registry.npmjs.org/path-key 85ms (cache revalidated)
npm http fetch GET 200 https://registry.npmjs.org/mimic-fn 91ms (cache revalidated)
npm http fetch GET 200 https://registry.npmjs.org/pump 92ms (cache revalidated)
npm http fetch GET 200 https://registry.npmjs.org/path-key 126ms (cache revalidated)
npm http fetch GET 200 https://registry.npmjs.org/isexe 74ms (cache revalidated)
npm http fetch GET 200 https://registry.npmjs.org/shebang-regex 102ms (cache revalidated)
npm http fetch GET 200 https://registry.npmjs.org/undici-types 122ms (cache revalidated)
npm http fetch GET 200 https://registry.npmjs.org/pinkie 77ms (cache revalidated)
npm http fetch GET 200 https://registry.npmjs.org/brace-expansion 50ms (cache revalidated)
npm http fetch GET 200 https://registry.npmjs.org/wrappy 111ms (cache revalidated)
npm http fetch GET 200 https://registry.npmjs.org/bcrypt-pbkdf 71ms (cache revalidated)
npm http fetch GET 200 https://registry.npmjs.org/asn1 87ms (cache revalidated)
npm http fetch GET 200 https://registry.npmjs.org/jsbn 87ms (cache revalidated)
npm http fetch GET 200 https://registry.npmjs.org/dashdash 88ms (cache revalidated)
npm http fetch GET 200 https://registry.npmjs.org/verror 89ms (cache revalidated)
npm http fetch GET 200 https://registry.npmjs.org/ecc-jsbn 86ms (cache revalidated)
npm http fetch GET 200 https://registry.npmjs.org/getpass 89ms (cache revalidated)
npm http fetch GET 200 https://registry.npmjs.org/json-schema 90ms (cache revalidated)
npm http fetch GET 200 https://registry.npmjs.org/tweetnacl 92ms (cache revalidated)
npm http fetch GET 200 https://registry.npmjs.org/extsprintf 183ms (cache revalidated)
npm http fetch GET 200 https://registry.npmjs.org/safer-buffer 652ms (cache revalidated)
npm http fetch GET 200 https://registry.npmjs.org/ansi-escapes 84ms (cache revalidated)
npm http fetch GET 200 https://registry.npmjs.org/tslib 97ms (cache revalidated)
npm http fetch GET 200 https://registry.npmjs.org/aggregate-error 137ms (cache revalidated)
npm http fetch GET 200 https://registry.npmjs.org/astral-regex 90ms (cache revalidated)
npm http fetch GET 200 https://registry.npmjs.org/type-fest 59ms (cache revalidated)
npm http fetch GET 200 https://registry.npmjs.org/balanced-match 74ms (cache revalidated)
npm http fetch GET 200 https://registry.npmjs.org/concat-map 73ms (cache revalidated)
npm http fetch GET 200 https://registry.npmjs.org/is-glob 85ms (cache revalidated)
npm http fetch GET 200 https://registry.npmjs.org/camelcase 77ms (cache revalidated)
npm http fetch GET 200 https://registry.npmjs.org/path-exists 95ms (cache revalidated)
npm http fetch GET 200 https://registry.npmjs.org/braces 102ms (cache revalidated)
npm http fetch GET 200 https://registry.npmjs.org/readdirp 101ms (cache revalidated)
npm http fetch GET 200 https://registry.npmjs.org/anymatch 104ms (cache revalidated)
npm http fetch GET 200 https://registry.npmjs.org/is-plain-obj 90ms (cache revalidated)
npm http fetch GET 200 https://registry.npmjs.org/escalade 92ms (cache revalidated)
npm http fetch GET 200 https://registry.npmjs.org/fsevents 101ms (cache revalidated)
npm http fetch GET 200 https://registry.npmjs.org/randombytes 94ms (cache revalidated)
npm http fetch GET 200 https://registry.npmjs.org/flat 93ms (cache revalidated)
npm http fetch GET 200 https://registry.npmjs.org/argparse 97ms (cache revalidated)
npm http fetch GET 200 https://registry.npmjs.org/glob-parent 109ms (cache revalidated)
npm http fetch GET 200 https://registry.npmjs.org/locate-path 105ms (cache revalidated)
npm http fetch GET 200 https://registry.npmjs.org/is-binary-path 109ms (cache revalidated)
npm http fetch GET 200 https://registry.npmjs.org/is-extglob 60ms (cache revalidated)
npm http fetch GET 200 https://registry.npmjs.org/picomatch 68ms (cache revalidated)
npm http fetch GET 200 https://registry.npmjs.org/picomatch 66ms (cache revalidated)
npm http fetch GET 200 https://registry.npmjs.org/fill-range 78ms (cache revalidated)
npm http fetch GET 200 https://registry.npmjs.org/binary-extensions 83ms (cache revalidated)
npm http fetch GET 200 https://registry.npmjs.org/to-regex-range 64ms (cache revalidated)
npm http fetch GET 200 https://registry.npmjs.org/is-number 79ms (cache revalidated)
npm http fetch GET 200 https://registry.npmjs.org/p-locate 103ms (cache revalidated)
npm http fetch GET 200 https://registry.npmjs.org/p-limit 84ms (cache revalidated)
npm http fetch GET 200 https://registry.npmjs.org/react-is 98ms (cache revalidated)
npm http fetch GET 200 https://registry.npmjs.org/loose-envify 106ms (cache revalidated)
npm http fetch GET 200 https://registry.npmjs.org/easy-stack 70ms (cache revalidated)
npm http fetch GET 200 https://registry.npmjs.org/yocto-queue 90ms (cache revalidated)
npm http fetch GET 200 https://registry.npmjs.org/clean-stack 74ms (cache revalidated)
npm http fetch GET 200 https://registry.npmjs.org/indent-string 92ms (cache revalidated)
npm http fetch GET 200 https://registry.npmjs.org/js-tokens 62ms (cache revalidated)
npm http fetch GET 200 https://registry.npmjs.org/pause-stream 69ms (cache revalidated)
npm http fetch GET 200 https://registry.npmjs.org/duplexer 70ms (cache revalidated)
npm http fetch GET 200 https://registry.npmjs.org/from 75ms (cache revalidated)
npm http fetch GET 200 https://registry.npmjs.org/split 75ms (cache revalidated)
npm http fetch GET 200 https://registry.npmjs.org/map-stream 96ms (cache revalidated)
npm http fetch GET 200 https://registry.npmjs.org/stream-combiner 107ms (cache revalidated)
npm http fetch GET 200 https://registry.npmjs.org/es-errors 67ms (cache revalidated)
npm http fetch GET 200 https://registry.npmjs.org/object-inspect 73ms (cache revalidated)
npm http fetch GET 200 https://registry.npmjs.org/get-intrinsic 82ms (cache revalidated)
npm http fetch GET 200 https://registry.npmjs.org/call-bind 89ms (cache revalidated)
npm http fetch GET 200 https://registry.npmjs.org/har-schema 73ms (cache revalidated)
npm http fetch GET 200 https://registry.npmjs.org/fast-deep-equal 85ms (cache revalidated)
npm http fetch GET 200 https://registry.npmjs.org/uri-js 86ms (cache revalidated)
npm http fetch GET 200 https://registry.npmjs.org/json-schema-traverse 90ms (cache revalidated)
npm http fetch GET 200 https://registry.npmjs.org/fast-json-stable-stringify 672ms (cache revalidated)
npm http fetch GET 200 https://registry.npmjs.org/has-symbols 69ms (cache revalidated)
npm http fetch GET 200 https://registry.npmjs.org/function-bind 76ms (cache revalidated)
npm http fetch GET 200 https://registry.npmjs.org/set-function-length 76ms (cache revalidated)
npm http fetch GET 200 https://registry.npmjs.org/es-define-property 82ms (cache revalidated)
npm http fetch GET 200 https://registry.npmjs.org/hasown 85ms (cache revalidated)
npm http fetch GET 200 https://registry.npmjs.org/has-proto 90ms (cache revalidated)
npm http fetch GET 200 https://registry.npmjs.org/define-data-property 86ms (cache revalidated)
npm http fetch GET 200 https://registry.npmjs.org/has-property-descriptors 90ms (cache revalidated)
npm http fetch GET 200 https://registry.npmjs.org/gopd 92ms (cache revalidated)
npm http fetch GET 200 https://registry.npmjs.org/requires-port 75ms (cache revalidated)
npm http fetch GET 200 https://registry.npmjs.org/querystringify 80ms (cache revalidated)
npm http fetch GET 200 https://registry.npmjs.org/ansi-align 73ms (cache revalidated)
npm http fetch GET 200 https://registry.npmjs.org/cli-boxes 84ms (cache revalidated)
npm http fetch GET 200 https://registry.npmjs.org/unique-string 83ms (cache revalidated)
npm http fetch GET 200 https://registry.npmjs.org/escape-goat 81ms (cache revalidated)
npm http fetch GET 200 https://registry.npmjs.org/package-json 82ms (cache revalidated)
npm http fetch GET 200 https://registry.npmjs.org/dot-prop 83ms (cache revalidated)
npm http fetch GET 200 https://registry.npmjs.org/write-file-atomic 84ms (cache revalidated)
npm http fetch GET 200 https://registry.npmjs.org/widest-line 85ms (cache revalidated)
npm http fetch GET 200 https://registry.npmjs.org/eastasianwidth 72ms (cache revalidated)
npm http fetch GET 200 https://registry.npmjs.org/typedarray-to-buffer 68ms (cache revalidated)
npm http fetch GET 200 https://registry.npmjs.org/imurmurhash 68ms (cache revalidated)
npm http fetch GET 200 https://registry.npmjs.org/crypto-random-string 80ms (cache revalidated)
npm http fetch GET 200 https://registry.npmjs.org/is-obj 81ms (cache revalidated)
npm http fetch GET 200 https://registry.npmjs.org/got 53ms (cache revalidated)
npm http fetch GET 200 https://registry.npmjs.org/registry-auth-token 83ms (cache revalidated)
npm http fetch GET 200 https://registry.npmjs.org/registry-url 84ms (cache revalidated)
npm http fetch GET 200 https://registry.npmjs.org/http2-wrapper 76ms (cache revalidated)
npm http fetch GET 200 https://registry.npmjs.org/cacheable-lookup 76ms (cache revalidated)
npm http fetch GET 200 https://registry.npmjs.org/rc 75ms (cache revalidated)
npm http fetch GET 200 https://registry.npmjs.org/decompress-response 76ms (cache revalidated)
npm http fetch GET 200 https://registry.npmjs.org/form-data-encoder 77ms (cache revalidated)
npm http fetch GET 200 https://registry.npmjs.org/lowercase-keys 84ms (cache revalidated)
npm http fetch GET 200 https://registry.npmjs.org/responselike 85ms (cache revalidated)
npm http fetch GET 200 https://registry.npmjs.org/p-cancelable 92ms (cache revalidated)
npm http fetch GET 200 https://registry.npmjs.org/cacheable-request 93ms (cache revalidated)
npm http fetch GET 200 https://registry.npmjs.org/@szmarczak%2fhttp-timer 104ms (cache revalidated)
npm http fetch GET 200 https://registry.npmjs.org/@sindresorhus%2fis 117ms (cache revalidated)
npm http fetch GET 200 https://registry.npmjs.org/@pnpm%2fnpm-conf 137ms (cache revalidated)
npm http fetch GET 200 https://registry.npmjs.org/quick-lru 96ms (cache revalidated)
npm http fetch GET 200 https://registry.npmjs.org/http-cache-semantics 99ms (cache revalidated)
npm http fetch GET 200 https://registry.npmjs.org/mimic-response 99ms (cache revalidated)
npm http fetch GET 200 https://registry.npmjs.org/normalize-url 99ms (cache revalidated)
npm http fetch GET 200 https://registry.npmjs.org/mimic-response 98ms (cache revalidated)
npm http fetch GET 200 https://registry.npmjs.org/resolve-alpn 98ms (cache revalidated)
npm http fetch GET 200 https://registry.npmjs.org/defer-to-connect 102ms (cache revalidated)
npm http fetch GET 200 https://registry.npmjs.org/keyv 101ms (cache revalidated)
npm http fetch GET 200 https://registry.npmjs.org/@types%2fhttp-cache-semantics 111ms (cache revalidated)
npm http fetch GET 200 https://registry.npmjs.org/json-buffer 73ms (cache revalidated)
npm http fetch GET 200 https://registry.npmjs.org/config-chain 83ms (cache revalidated)
npm http fetch GET 200 https://registry.npmjs.org/@pnpm%2fnetwork.ca-file 117ms (cache revalidated)
npm http fetch GET 200 https://registry.npmjs.org/@pnpm%2fconfig.env-replace 118ms (cache revalidated)
npm http fetch GET 200 https://registry.npmjs.org/proto-list 83ms (cache revalidated)
npm http fetch GET 200 https://registry.npmjs.org/deep-extend 80ms (cache revalidated)
npm http fetch GET 200 https://registry.npmjs.org/pend 56ms (cache revalidated)
npm http fetch GET 200 https://registry.npmjs.org/crc32-stream 132ms (cache revalidated)
npm http fetch GET 200 https://registry.npmjs.org/crc-32 96ms (cache revalidated)
npm http fetch GET 200 https://registry.npmjs.org/buffer-fill 76ms (cache revalidated)
npm http fetch GET 200 https://registry.npmjs.org/buffer-alloc-unsafe 96ms (cache revalidated)
npm http fetch GET 200 https://registry.npmjs.org/p-try 82ms (cache revalidated)
npm http fetch POST 200 https://registry.npmjs.org/-/npm/v1/security/advisories/bulk 630ms
npm WARN deprecated inflight@1.0.6: This module is not supported, and leaks memory. Do not use it. Check out lru-cache if you want a good and tested way to coalesce async requests by a key value, which is much more comprehensive and powerful.
npm WARN deprecated rimraf@2.5.4: Rimraf versions prior to v4 are no longer supported
npm WARN deprecated har-validator@5.1.5: this library is no longer supported
npm WARN deprecated glob@7.2.3: Glob versions prior to v9 are no longer supported
npm WARN deprecated glob@8.1.0: Glob versions prior to v9 are no longer supported
npm WARN deprecated uuid@3.4.0: Please upgrade  to version 7 or higher.  Older versions may use Math.random() in certain circumstances, which is known to be problematic.  See https://v8.dev/blog/math-random for details.
npm WARN deprecated request@2.88.2: request has been deprecated, see https://github.com/request/request/issues/3142
npm info run cypress@13.13.3 postinstall node_modules/cypress node index.js --exec install
npm info run cypress@13.13.3 postinstall { code: 0, signal: null }

added 503 packages, and audited 504 packages in 22s

96 packages are looking for funding
  run `npm fund` for details

3 moderate severity vulnerabilities

To address all issues (including breaking changes), run:
  npm audit fix --force

Run `npm audit` for details.
npm verb exit 0
npm info ok 
